2024-08-26 17:48:55.834  INFO 144 --- [main] com.users.UsersApplication               : Starting UsersApplication using Java 1.8.0_202 on DESKTOP-MI3IFCN with PID 144 (C:\Users\DELL\Desktop\Capstone\Users\target\classes started by DELL in C:\Users\DELL\Desktop\Capstone\Users)
2024-08-26 17:48:55.836  INFO 144 --- [main] com.users.UsersApplication               : No active profile set, falling back to 1 default profile: "default"
2024-08-26 17:48:56.468  INFO 144 --- [main] .s.d.r.c.RepositoryConfigurationDelegate : Bootstrapping Spring Data JPA repositories in DEFAULT mode.
2024-08-26 17:48:56.537  INFO 144 --- [main] .s.d.r.c.RepositoryConfigurationDelegate : Finished Spring Data repository scanning in 60 ms. Found 2 JPA repository interfaces.
2024-08-26 17:48:57.201  INFO 144 --- [main] o.s.b.w.embedded.tomcat.TomcatWebServer  : Tomcat initialized with port(s): 8080 (http)
2024-08-26 17:48:57.209  INFO 144 --- [main] o.apache.catalina.core.StandardService   : Starting service [Tomcat]
2024-08-26 17:48:57.209  INFO 144 --- [main] org.apache.catalina.core.StandardEngine  : Starting Servlet engine: [Apache Tomcat/9.0.68]
2024-08-26 17:48:57.327  INFO 144 --- [main] o.a.c.c.C.[Tomcat].[localhost].[/]       : Initializing Spring embedded WebApplicationContext
2024-08-26 17:48:57.327  INFO 144 --- [main] w.s.c.ServletWebServerApplicationContext : Root WebApplicationContext: initialization completed in 1450 ms
2024-08-26 17:48:57.507  INFO 144 --- [main] o.hibernate.jpa.internal.util.LogHelper  : HHH000204: Processing PersistenceUnitInfo [name: default]
2024-08-26 17:48:57.540  INFO 144 --- [main] org.hibernate.Version                    : HHH000412: Hibernate ORM core version 5.6.12.Final
2024-08-26 17:48:57.684  INFO 144 --- [main] o.hibernate.annotations.common.Version   : HCANN000001: Hibernate Commons Annotations {5.1.2.Final}
2024-08-26 17:48:57.749  INFO 144 --- [main] com.zaxxer.hikari.HikariDataSource       : HikariPool-1 - Starting...
2024-08-26 17:48:58.197  INFO 144 --- [main] com.zaxxer.hikari.HikariDataSource       : HikariPool-1 - Start completed.
2024-08-26 17:48:58.210  INFO 144 --- [main] org.hibernate.dialect.Dialect            : HHH000400: Using dialect: org.hibernate.dialect.PostgreSQLDialect
2024-08-26 17:48:58.782  INFO 144 --- [main] o.h.e.t.j.p.i.JtaPlatformInitiator       : HHH000490: Using JtaPlatform implementation: [org.hibernate.engine.transaction.jta.platform.internal.NoJtaPlatform]
2024-08-26 17:48:58.788  INFO 144 --- [main] j.LocalContainerEntityManagerFactoryBean : Initialized JPA EntityManagerFactory for persistence unit 'default'
2024-08-26 17:48:59.210  WARN 144 --- [main] JpaBaseConfiguration$JpaWebConfiguration : spring.jpa.open-in-view is enabled by default. Therefore, database queries may be performed during view rendering. Explicitly configure spring.jpa.open-in-view to disable this warning
2024-08-26 17:48:59.706  INFO 144 --- [main] o.s.b.w.embedded.tomcat.TomcatWebServer  : Tomcat started on port(s): 8080 (http) with context path ''
2024-08-26 17:48:59.716  INFO 144 --- [main] com.users.UsersApplication               : Started UsersApplication in 4.274 seconds (JVM running for 4.58)
2024-08-26 17:49:46.283  INFO 144 --- [SpringApplicationShutdownHook] j.LocalContainerEntityManagerFactoryBean : Closing JPA EntityManagerFactory for persistence unit 'default'
2024-08-26 17:49:46.286  INFO 144 --- [SpringApplicationShutdownHook] com.zaxxer.hikari.HikariDataSource       : HikariPool-1 - Shutdown initiated...
2024-08-26 17:49:46.289  INFO 144 --- [SpringApplicationShutdownHook] com.zaxxer.hikari.HikariDataSource       : HikariPool-1 - Shutdown completed.
